11:26:15.989 [main] DEBUG shopify.giliproducts.LandingPage - Click on mensPantsLink
11:26:17.719 [main] DEBUG shopify.giliproducts.ProductsPage - Select Product Men's Gili-Levi's Light Bootcut
11:26:17.719 [main] DEBUG shopify.giliproducts.ProductDetailsPage - Waiting for visibility of addToCartButton
11:26:19.048 [main] DEBUG shopify.giliproducts.ProductDetailsPage - Click on addToCartButton
11:26:19.048 [main] DEBUG shopify.giliproducts.YourCartPage - Waiting for visibility of checkOutButton
11:26:19.087 [main] DEBUG shopify.giliproducts.YourCartPage - Click on checkOutButton
11:26:22.011 [main] DEBUG shopify.giliproducts.InformationPage - Waiting for visibility of continueToShippingButton
11:26:22.044 [main] DEBUG shopify.giliproducts.InformationPage - Click on continueToShippingButton
11:26:25.451 [main] DEBUG shopify.giliproducts.ShippingPage - Waiting for Shipping Rates
11:26:29.485 [main] DEBUG shopify.giliproducts.ShippingPage - Select Shipping UPS Next Day Air Saver®
1 business day
11:26:29.486 [main] DEBUG shopify.giliproducts.ShippingPage - Waiting for visibility of continueToPaymentButton
11:26:29.527 [main] DEBUG shopify.giliproducts.ShippingPage - Click on continueToPaymentButton
11:26:33.652 [main] DEBUG shopify.giliproducts.PaymentPage - Waiting for visibility of cardNumberFrame
11:26:33.680 [main] DEBUG shopify.giliproducts.PaymentPage - Switch to cardNumberFrame
11:26:33.720 [main] DEBUG shopify.giliproducts.PaymentPage - Enter data in cardNumberTextField
11:26:34.017 [main] DEBUG shopify.giliproducts.PaymentPage - Switch to default Content
11:26:34.060 [main] DEBUG shopify.giliproducts.PaymentPage - Switch to nameFrame
11:26:34.084 [main] DEBUG shopify.giliproducts.PaymentPage - Enter data in nameOnCardTextField
11:26:34.166 [main] DEBUG shopify.giliproducts.PaymentPage - Switch to default Content
11:26:34.202 [main] DEBUG shopify.giliproducts.PaymentPage - Switch to expiryFrame
11:26:34.223 [main] DEBUG shopify.giliproducts.PaymentPage - Enter data in expirationDateTextField
11:26:34.419 [main] DEBUG shopify.giliproducts.PaymentPage - Switch to default Content
11:26:34.448 [main] DEBUG shopify.giliproducts.PaymentPage - Switch to secutiryFrame
11:26:34.475 [main] DEBUG shopify.giliproducts.PaymentPage - Enter data in securityCodeTextField
11:26:34.554 [main] DEBUG shopify.giliproducts.PaymentPage - Switch to default Content
11:26:34.565 [main] DEBUG shopify.giliproducts.PaymentPage - Click on payNowButton
11:26:34.655 [main] DEBUG shopify.giliproducts.OrderConfirmationPage - Waiting for visibility of orderNumberLabel
11:26:45.648 [main] DEBUG shopify.giliproducts.OrderConfirmationPage - Waiting for visibility of continueShoppingButton
11:26:45.686 [main] DEBUG shopify.giliproducts.OrderConfirmationPage - Click on continueShoppingButton
11:26:46.478 [main] DEBUG shopify.giliproducts.LandingPage - Waiting for visibility of accountLink
11:26:46.521 [main] DEBUG shopify.giliproducts.LandingPage - Click on accountLink
11:26:47.148 [main] DEBUG shopify.giliproducts.MyAccountPage - Waiting for visibility of logoutLink
11:26:47.180 [main] DEBUG shopify.giliproducts.MyAccountPage - Click on logoutLink
11:26:48.285 [main] DEBUG shopify.giliproducts.LandingPage - Waiting for visibility of loginLink
11:26:48.338 [main] DEBUG shopify.giliproducts.LandingPage - Click on loginLink
11:26:48.927 [main] DEBUG shopify.giliproducts.LoginPage - Waiting for visibility of emailTextField
11:26:48.973 [main] DEBUG shopify.giliproducts.LoginPage - Enter data in emailTextField
11:26:49.063 [main] DEBUG shopify.giliproducts.LoginPage - Waiting for visibility of passwordTextField
11:26:49.113 [main] DEBUG shopify.giliproducts.LoginPage - Enter data in passwordTextField
11:26:49.184 [main] DEBUG shopify.giliproducts.LoginPage - Waiting for visibility of signInButtton
11:26:49.220 [main] DEBUG shopify.giliproducts.LoginPage - Click on signInButtton
11:26:49.300 [main] DEBUG shopify.giliproducts.MyAccountPage - Waiting for visibility of addressDetails
11:26:50.921 [main] DEBUG shopify.giliproducts.LandingPage - Waiting for visibility of mensPantsLink
11:26:50.959 [main] DEBUG shopify.giliproducts.LandingPage - Click on mensPantsLink
11:26:52.478 [main] DEBUG shopify.giliproducts.ProductsPage - Select Product Durasoft 3 Color Blends
11:26:52.478 [main] DEBUG shopify.giliproducts.ProductDetailsPage - Waiting for visibility of addToCartButton
11:26:54.235 [main] DEBUG shopify.giliproducts.ProductDetailsPage - Click on addToCartButton
11:26:54.236 [main] DEBUG shopify.giliproducts.YourCartPage - Waiting for visibility of checkOutButton
11:26:54.293 [main] DEBUG shopify.giliproducts.YourCartPage - Click on checkOutButton
11:26:57.376 [main] DEBUG shopify.giliproducts.InformationPage - Waiting for visibility of continueToShippingButton
11:26:57.418 [main] DEBUG shopify.giliproducts.InformationPage - Click on continueToShippingButton
11:27:00.495 [main] DEBUG shopify.giliproducts.ShippingPage - Waiting for Shipping Rates
