11:25:37.873 [main] DEBUG shopify.giliproducts.LandingPage - Waiting for visibility of loginLink
11:25:38.018 [main] DEBUG shopify.giliproducts.LandingPage - Click on loginLink
11:25:38.654 [main] DEBUG shopify.giliproducts.LoginPage - Waiting for visibility of emailTextField
11:25:38.721 [main] DEBUG shopify.giliproducts.LoginPage - Enter data in emailTextField
11:25:38.842 [main] DEBUG shopify.giliproducts.LoginPage - Waiting for visibility of passwordTextField
11:25:38.879 [main] DEBUG shopify.giliproducts.LoginPage - Enter data in passwordTextField
11:25:38.953 [main] DEBUG shopify.giliproducts.LoginPage - Waiting for visibility of signInButtton
11:25:38.990 [main] DEBUG shopify.giliproducts.LoginPage - Click on signInButtton
11:25:40.063 [main] DEBUG shopify.giliproducts.MyAccountPage - Waiting for visibility of addressDetails
11:25:40.156 [main] DEBUG shopify.giliproducts.LandingPage - Waiting for visibility of mensPantsLink
11:25:40.190 [main] DEBUG shopify.giliproducts.LandingPage - Click on mensPantsLink
11:25:41.970 [main] DEBUG shopify.giliproducts.ProductsPage - Select Product Flying Machine Slim Fit Jeans
11:25:41.972 [main] DEBUG shopify.giliproducts.ProductDetailsPage - Waiting for visibility of addToCartButton
11:25:43.398 [main] DEBUG shopify.giliproducts.ProductDetailsPage - Click on addToCartButton
11:25:43.400 [main] DEBUG shopify.giliproducts.YourCartPage - Waiting for visibility of checkOutButton
11:25:43.440 [main] DEBUG shopify.giliproducts.YourCartPage - Click on checkOutButton
11:25:47.446 [main] DEBUG shopify.giliproducts.InformationPage - Waiting for visibility of continueToShippingButton
11:25:47.502 [main] DEBUG shopify.giliproducts.InformationPage - Click on continueToShippingButton
11:25:50.777 [main] DEBUG shopify.giliproducts.ShippingPage - Waiting for Shipping Rates
11:25:54.238 [main] DEBUG shopify.giliproducts.ShippingPage - Select Shipping FedEx Next Day Air
11:25:54.238 [main] DEBUG shopify.giliproducts.ShippingPage - Waiting for visibility of continueToPaymentButton
11:25:54.280 [main] DEBUG shopify.giliproducts.ShippingPage - Click on continueToPaymentButton
11:25:58.376 [main] DEBUG shopify.giliproducts.PaymentPage - Waiting for visibility of cardNumberFrame
11:25:58.407 [main] DEBUG shopify.giliproducts.PaymentPage - Switch to cardNumberFrame
11:25:58.435 [main] DEBUG shopify.giliproducts.PaymentPage - Enter data in cardNumberTextField
11:25:58.714 [main] DEBUG shopify.giliproducts.PaymentPage - Switch to default Content
11:25:58.753 [main] DEBUG shopify.giliproducts.PaymentPage - Switch to nameFrame
11:25:58.772 [main] DEBUG shopify.giliproducts.PaymentPage - Enter data in nameOnCardTextField
11:25:58.878 [main] DEBUG shopify.giliproducts.PaymentPage - Switch to default Content
11:25:58.910 [main] DEBUG shopify.giliproducts.PaymentPage - Switch to expiryFrame
11:25:58.933 [main] DEBUG shopify.giliproducts.PaymentPage - Enter data in expirationDateTextField
11:25:59.138 [main] DEBUG shopify.giliproducts.PaymentPage - Switch to default Content
11:25:59.175 [main] DEBUG shopify.giliproducts.PaymentPage - Switch to secutiryFrame
11:25:59.197 [main] DEBUG shopify.giliproducts.PaymentPage - Enter data in securityCodeTextField
11:25:59.276 [main] DEBUG shopify.giliproducts.PaymentPage - Switch to default Content
11:25:59.291 [main] DEBUG shopify.giliproducts.PaymentPage - Click on payNowButton
11:25:59.396 [main] DEBUG shopify.giliproducts.OrderConfirmationPage - Waiting for visibility of orderNumberLabel
11:26:10.303 [main] DEBUG shopify.giliproducts.OrderConfirmationPage - Waiting for visibility of continueShoppingButton
11:26:10.337 [main] DEBUG shopify.giliproducts.OrderConfirmationPage - Click on continueShoppingButton
11:26:11.104 [main] DEBUG shopify.giliproducts.LandingPage - Waiting for visibility of accountLink
11:26:11.161 [main] DEBUG shopify.giliproducts.LandingPage - Click on accountLink
11:26:11.752 [main] DEBUG shopify.giliproducts.MyAccountPage - Waiting for visibility of logoutLink
11:26:11.802 [main] DEBUG shopify.giliproducts.MyAccountPage - Click on logoutLink
11:26:12.917 [main] DEBUG shopify.giliproducts.LandingPage - Waiting for visibility of loginLink
11:26:12.969 [main] DEBUG shopify.giliproducts.LandingPage - Click on loginLink
11:26:13.562 [main] DEBUG shopify.giliproducts.LoginPage - Waiting for visibility of emailTextField
11:26:13.594 [main] DEBUG shopify.giliproducts.LoginPage - Enter data in emailTextField
11:26:13.667 [main] DEBUG shopify.giliproducts.LoginPage - Waiting for visibility of passwordTextField
11:26:13.700 [main] DEBUG shopify.giliproducts.LoginPage - Enter data in passwordTextField
11:26:13.771 [main] DEBUG shopify.giliproducts.LoginPage - Waiting for visibility of signInButtton
11:26:13.808 [main] DEBUG shopify.giliproducts.LoginPage - Click on signInButtton
11:26:13.928 [main] DEBUG shopify.giliproducts.MyAccountPage - Waiting for visibility of addressDetails
11:26:15.951 [main] DEBUG shopify.giliproducts.LandingPage - Waiting for visibility of mensPantsLink
